<?xml version="1.0" encoding="UTF-8"?>
<!-- Generated by org.testng.reporters.JUnitReportReporter -->
<testsuite skipped="0" hostname="DESKTOP-Q0VBUNO" name="test.Test_Event_Calender" tests="1" failures="0" timestamp="2020-08-26T02:08:56 CDT" time="0.877" errors="0">
  <testcase name="Event_Calender_is_Active" time="0.877" classname="test.Test_Event_Calender"/>
  <system-out/>
</testsuite> <!-- test.Test_Event_Calender -->
