<?xml version="1.0" encoding="UTF-8"?>
<!-- Generated by org.testng.reporters.JUnitReportReporter -->
<testsuite skipped="0" hostname="DESKTOP-Q0VBUNO" name="test.Test_About_Footer" tests="1" failures="0" timestamp="2020-08-26T02:08:56 CDT" time="0.725" errors="0">
  <testcase name="About_Footer_is_Active" time="0.725" classname="test.Test_About_Footer"/>
  <system-out/>
</testsuite> <!-- test.Test_About_Footer -->
