<?xml version="1.0" encoding="UTF-8"?>
<!-- Generated by org.testng.reporters.JUnitReportReporter -->
<testsuite skipped="0" hostname="DESKTOP-Q0VBUNO" name="test.Test_Search_Item_Page" tests="1" failures="0" timestamp="2020-08-26T02:08:56 CDT" time="1.204" errors="0">
  <testcase name="Searched_Item_Elements_is_Active" time="1.204" classname="test.Test_Search_Item_Page"/>
  <system-out/>
</testsuite> <!-- test.Test_Search_Item_Page -->
