<?xml version="1.0" encoding="UTF-8"?>
<!-- Generated by org.testng.reporters.JUnitReportReporter -->
<testsuite skipped="0" hostname="DESKTOP-Q0VBUNO" name="test.Test_Newest_Menu" tests="1" failures="0" timestamp="2020-08-26T02:08:56 CDT" time="2.147" errors="0">
  <testcase name="Newest_Menu_is_Active" time="2.147" classname="test.Test_Newest_Menu"/>
  <system-out/>
</testsuite> <!-- test.Test_Newest_Menu -->
