<?xml version="1.0" encoding="UTF-8"?>
<!-- Generated by org.testng.reporters.JUnitReportReporter -->
<testsuite skipped="0" hostname="DESKTOP-Q0VBUNO" name="test.Test_Pagination" tests="1" failures="0" timestamp="2020-08-26T02:08:56 CDT" time="0.666" errors="0">
  <testcase name="Pagination_is_Active" time="0.666" classname="test.Test_Pagination"/>
  <system-out/>
</testsuite> <!-- test.Test_Pagination -->
