<?xml version="1.0" encoding="UTF-8"?>
<!-- Generated by org.testng.reporters.JUnitReportReporter -->
<testsuite skipped="0" hostname="DESKTOP-Q0VBUNO" name="test.Test_Privacy_Footer" tests="1" failures="0" timestamp="2020-08-26T02:11:21 CDT" time="0.744" errors="0">
  <testcase name="Privacy_Footer_is_Active" time="0.744" classname="test.Test_Privacy_Footer"/>
  <system-out/>
</testsuite> <!-- test.Test_Privacy_Footer -->
