<?xml version="1.0" encoding="UTF-8"?>
<!-- Generated by org.testng.reporters.JUnitReportReporter -->
<testsuite skipped="0" hostname="DESKTOP-Q0VBUNO" name="test.Test_Newest_Menu" tests="1" failures="0" timestamp="2020-08-26T02:41:33 CDT" time="2.072" errors="0">
  <testcase name="Newest_Menu_is_Active" time="2.072" classname="test.Test_Newest_Menu"/>
  <system-out>
Click to see Screenshot <a target="_blank" href=Wed_Aug_26_02_40_45_CDT_2020.jpg>Screenshot</a> <br> <br> <a target="_blank" href=Wed_Aug_26_02_40_45_CDT_2020.jpg><img src=Wed_Aug_26_02_40_45_CDT_2020.jpg height=200 width=200></img></a>  </system-out>
</testsuite> <!-- test.Test_Newest_Menu -->
