<?xml version="1.0" encoding="UTF-8"?>
<!-- Generated by org.testng.reporters.JUnitReportReporter -->
<testsuite skipped="0" hostname="DESKTOP-Q0VBUNO" name="test.Test_Create_Posting" tests="1" failures="0" timestamp="2020-08-26T02:11:21 CDT" time="1.115" errors="0">
  <testcase name="Create_a_Posting_is_Active" time="1.115" classname="test.Test_Create_Posting"/>
  <system-out/>
</testsuite> <!-- test.Test_Create_Posting -->
