<?xml version="1.0" encoding="UTF-8"?>
<!-- Generated by org.testng.reporters.JUnitReportReporter -->
<testsuite skipped="0" hostname="DESKTOP-Q0VBUNO" name="test.Test_Search_Box" tests="1" failures="0" timestamp="2020-08-26T02:11:21 CDT" time="0.045" errors="0">
  <testcase name="Search_Box_is_Active" time="0.045" classname="test.Test_Search_Box"/>
  <system-out/>
</testsuite> <!-- test.Test_Search_Box -->
