<?xml version="1.0" encoding="UTF-8"?>
<!-- Generated by org.testng.reporters.JUnitReportReporter -->
<testsuite skipped="0" hostname="DESKTOP-Q0VBUNO" name="test.Test_Language_Change" tests="1" failures="0" timestamp="2020-08-26T02:11:21 CDT" time="0.660" errors="0">
  <testcase name="Language_is_Active" time="0.660" classname="test.Test_Language_Change"/>
  <system-out/>
</testsuite> <!-- test.Test_Language_Change -->
