<?xml version="1.0" encoding="UTF-8"?>
<!-- Generated by org.testng.reporters.JUnitReportReporter -->
<testsuite skipped="0" hostname="DESKTOP-Q0VBUNO" name="test.Test_Gallery_Menu" tests="1" failures="0" timestamp="2020-08-26T02:11:21 CDT" time="0.603" errors="0">
  <testcase name="Gallery_Menu_is_Active" time="0.603" classname="test.Test_Gallery_Menu"/>
  <system-out/>
</testsuite> <!-- test.Test_Gallery_Menu -->
