<?xml version="1.0" encoding="UTF-8"?>
<!-- Generated by org.testng.reporters.JUnitReportReporter -->
<testsuite skipped="0" hostname="DESKTOP-Q0VBUNO" name="test.Test_Search_Item_Page" tests="1" failures="0" timestamp="2020-08-26T02:41:33 CDT" time="1.160" errors="0">
  <testcase name="Searched_Item_Elements_is_Active" time="1.160" classname="test.Test_Search_Item_Page"/>
  <system-out>
Click to see Screenshot <a target="_blank" href=Wed_Aug_26_02_40_57_CDT_2020.jpg>Screenshot</a> <br> <br> <a target="_blank" href=Wed_Aug_26_02_40_57_CDT_2020.jpg><img src=Wed_Aug_26_02_40_57_CDT_2020.jpg height=200 width=200></img></a>  </system-out>
</testsuite> <!-- test.Test_Search_Item_Page -->
